<?xml version="1.0" encoding="UTF-8"?>
<!-- Generated by org.testng.reporters.JUnitReportReporter -->
<testsuite hostname="sureshsir-PC" name="com.primusbank.tests.AdminLoginTest" tests="1" failures="0" timestamp="17 Nov 2017 04:16:46 GMT" time="1.709" errors="0">
  <testcase name="adminTest" time="1.709" classname="com.primusbank.tests.AdminLoginTest"/>
</testsuite> <!-- com.primusbank.tests.AdminLoginTest -->
